2016/03/21 06:00:15 [error] [exception.CException] exception 'CException' with message 'SiteController contains improperly nested widget tags in its view "C:\xampp\htdocs\simop_yii\protected\views\site\login.php". A CActiveForm widget does not have an endWidget() call.' in C:\xampp\htdocs\yii\framework\web\CBaseController.php:101
Stack trace:
#0 C:\xampp\htdocs\yii\framework\web\CController.php(869): CBaseController->renderFile('C:\\xampp\\htdocs...', Array, true)
#1 C:\xampp\htdocs\yii\framework\web\CController.php(782): CController->renderPartial('login', Array, true)
#2 C:\xampp\htdocs\simop_yii\protected\controllers\SiteController.php(127): CController->render('login', Array)
#3 C:\xampp\htdocs\yii\framework\web\actions\CInlineAction.php(49): SiteController->actionLogin()
#4 C:\xampp\htdocs\yii\framework\web\CController.php(308): CInlineAction->runWithParams(Array)
#5 C:\xampp\htdocs\yii\framework\web\filters\CFilterChain.php(133): CController->runAction(Object(CInlineAction))
#6 C:\xampp\htdocs\yii\framework\web\filters\CFilter.php(40): CFilterChain->run()
#7 C:\xampp\htdocs\yii\framework\web\CController.php(1145): CFilter->filter(Object(CFilterChain))
#8 C:\xampp\htdocs\yii\framework\web\filters\CInlineFilter.php(58): CController->filterAccessControl(Object(CFilterChain))
#9 C:\xampp\htdocs\yii\framework\web\filters\CFilterChain.php(130): CInlineFilter->filter(Object(CFilterChain))
#10 C:\xampp\htdocs\yii\framework\web\CController.php(291): CFilterChain->run()
#11 C:\xampp\htdocs\yii\framework\web\CController.php(265): CController->runActionWithFilters(Object(CInlineAction), Array)
#12 C:\xampp\htdocs\yii\framework\web\CWebApplication.php(282): CController->run('login')
#13 C:\xampp\htdocs\yii\framework\web\CWebApplication.php(141): CWebApplication->runController('site/login')
#14 C:\xampp\htdocs\yii\framework\base\CApplication.php(185): CWebApplication->processRequest()
#15 C:\xampp\htdocs\simop_yii\index.php(13): CApplication->run()
#16 {main}
REQUEST_URI=/simop_yii/index.php?r=site/login
---
2016/03/21 06:19:01 [error] [exception.CException] exception 'CException' with message 'Property "LoginForm.rememberMe" is not defined.' in C:\xampp\htdocs\yii\framework\base\CComponent.php:130
Stack trace:
#0 C:\xampp\htdocs\yii\framework\validators\CBooleanValidator.php(56): CComponent->__get('rememberMe')
#1 C:\xampp\htdocs\yii\framework\validators\CValidator.php(201): CBooleanValidator->validateAttribute(Object(LoginForm), 'rememberMe')
#2 C:\xampp\htdocs\yii\framework\base\CModel.php(159): CValidator->validate(Object(LoginForm), NULL)
#3 C:\xampp\htdocs\simop_yii\protected\controllers\SiteController.php(122): CModel->validate()
#4 C:\xampp\htdocs\yii\framework\web\actions\CInlineAction.php(49): SiteController->actionLogin()
#5 C:\xampp\htdocs\yii\framework\web\CController.php(308): CInlineAction->runWithParams(Array)
#6 C:\xampp\htdocs\yii\framework\web\filters\CFilterChain.php(133): CController->runAction(Object(CInlineAction))
#7 C:\xampp\htdocs\yii\framework\web\filters\CFilter.php(40): CFilterChain->run()
#8 C:\xampp\htdocs\yii\framework\web\CController.php(1145): CFilter->filter(Object(CFilterChain))
#9 C:\xampp\htdocs\yii\framework\web\filters\CInlineFilter.php(58): CController->filterAccessControl(Object(CFilterChain))
#10 C:\xampp\htdocs\yii\framework\web\filters\CFilterChain.php(130): CInlineFilter->filter(Object(CFilterChain))
#11 C:\xampp\htdocs\yii\framework\web\CController.php(291): CFilterChain->run()
#12 C:\xampp\htdocs\yii\framework\web\CController.php(265): CController->runActionWithFilters(Object(CInlineAction), Array)
#13 C:\xampp\htdocs\yii\framework\web\CWebApplication.php(282): CController->run('login')
#14 C:\xampp\htdocs\yii\framework\web\CWebApplication.php(141): CWebApplication->runController('site/login')
#15 C:\xampp\htdocs\yii\framework\base\CApplication.php(185): CWebApplication->processRequest()
#16 C:\xampp\htdocs\simop_yii\index.php(13): CApplication->run()
#17 {main}
REQUEST_URI=/simop_yii/index.php?r=site/login
HTTP_REFERER=http://localhost/simop_yii/index.php?r=site/login
---
2016/03/21 06:19:57 [error] [exception.CException] exception 'CException' with message 'Property "UserIdentity._id" is not defined.' in C:\xampp\htdocs\yii\framework\base\CComponent.php:173
Stack trace:
#0 C:\xampp\htdocs\simop_yii\protected\components\UserIdentity.php(27): CComponent->__set('_id', '1')
#1 C:\xampp\htdocs\simop_yii\protected\models\LoginForm.php(44): UserIdentity->authenticate()
#2 C:\xampp\htdocs\yii\framework\validators\CInlineValidator.php(42): LoginForm->authenticate('password', Array)
#3 C:\xampp\htdocs\yii\framework\validators\CValidator.php(201): CInlineValidator->validateAttribute(Object(LoginForm), 'password')
#4 C:\xampp\htdocs\yii\framework\base\CModel.php(159): CValidator->validate(Object(LoginForm), NULL)
#5 C:\xampp\htdocs\simop_yii\protected\controllers\SiteController.php(122): CModel->validate()
#6 C:\xampp\htdocs\yii\framework\web\actions\CInlineAction.php(49): SiteController->actionLogin()
#7 C:\xampp\htdocs\yii\framework\web\CController.php(308): CInlineAction->runWithParams(Array)
#8 C:\xampp\htdocs\yii\framework\web\filters\CFilterChain.php(133): CController->runAction(Object(CInlineAction))
#9 C:\xampp\htdocs\yii\framework\web\filters\CFilter.php(40): CFilterChain->run()
#10 C:\xampp\htdocs\yii\framework\web\CController.php(1145): CFilter->filter(Object(CFilterChain))
#11 C:\xampp\htdocs\yii\framework\web\filters\CInlineFilter.php(58): CController->filterAccessControl(Object(CFilterChain))
#12 C:\xampp\htdocs\yii\framework\web\filters\CFilterChain.php(130): CInlineFilter->filter(Object(CFilterChain))
#13 C:\xampp\htdocs\yii\framework\web\CController.php(291): CFilterChain->run()
#14 C:\xampp\htdocs\yii\framework\web\CController.php(265): CController->runActionWithFilters(Object(CInlineAction), Array)
#15 C:\xampp\htdocs\yii\framework\web\CWebApplication.php(282): CController->run('login')
#16 C:\xampp\htdocs\yii\framework\web\CWebApplication.php(141): CWebApplication->runController('site/login')
#17 C:\xampp\htdocs\yii\framework\base\CApplication.php(185): CWebApplication->processRequest()
#18 C:\xampp\htdocs\simop_yii\index.php(13): CApplication->run()
#19 {main}
REQUEST_URI=/simop_yii/index.php?r=site/login
HTTP_REFERER=http://localhost/simop_yii/index.php?r=site/login
---
2016/03/21 06:20:31 [error] [exception.CException] exception 'CException' with message 'Property "UserIdentity._id" is not defined.' in C:\xampp\htdocs\yii\framework\base\CComponent.php:173
Stack trace:
#0 C:\xampp\htdocs\simop_yii\protected\components\UserIdentity.php(27): CComponent->__set('_id', '1')
#1 C:\xampp\htdocs\simop_yii\protected\models\LoginForm.php(44): UserIdentity->authenticate()
#2 C:\xampp\htdocs\yii\framework\validators\CInlineValidator.php(42): LoginForm->authenticate('password', Array)
#3 C:\xampp\htdocs\yii\framework\validators\CValidator.php(201): CInlineValidator->validateAttribute(Object(LoginForm), 'password')
#4 C:\xampp\htdocs\yii\framework\base\CModel.php(159): CValidator->validate(Object(LoginForm), NULL)
#5 C:\xampp\htdocs\simop_yii\protected\controllers\SiteController.php(122): CModel->validate()
#6 C:\xampp\htdocs\yii\framework\web\actions\CInlineAction.php(49): SiteController->actionLogin()
#7 C:\xampp\htdocs\yii\framework\web\CController.php(308): CInlineAction->runWithParams(Array)
#8 C:\xampp\htdocs\yii\framework\web\filters\CFilterChain.php(133): CController->runAction(Object(CInlineAction))
#9 C:\xampp\htdocs\yii\framework\web\filters\CFilter.php(40): CFilterChain->run()
#10 C:\xampp\htdocs\yii\framework\web\CController.php(1145): CFilter->filter(Object(CFilterChain))
#11 C:\xampp\htdocs\yii\framework\web\filters\CInlineFilter.php(58): CController->filterAccessControl(Object(CFilterChain))
#12 C:\xampp\htdocs\yii\framework\web\filters\CFilterChain.php(130): CInlineFilter->filter(Object(CFilterChain))
#13 C:\xampp\htdocs\yii\framework\web\CController.php(291): CFilterChain->run()
#14 C:\xampp\htdocs\yii\framework\web\CController.php(265): CController->runActionWithFilters(Object(CInlineAction), Array)
#15 C:\xampp\htdocs\yii\framework\web\CWebApplication.php(282): CController->run('login')
#16 C:\xampp\htdocs\yii\framework\web\CWebApplication.php(141): CWebApplication->runController('site/login')
#17 C:\xampp\htdocs\yii\framework\base\CApplication.php(185): CWebApplication->processRequest()
#18 C:\xampp\htdocs\simop_yii\index.php(13): CApplication->run()
#19 {main}
REQUEST_URI=/simop_yii/index.php?r=site/login
HTTP_REFERER=http://localhost/simop_yii/index.php?r=site/login
---
2016/03/21 06:21:24 [error] [exception.CHttpException.403] exception 'CHttpException' with message 'You are not authorized to perform this action.' in C:\xampp\htdocs\yii\framework\web\auth\CAccessControlFilter.php:182
Stack trace:
#0 C:\xampp\htdocs\yii\framework\web\auth\CAccessControlFilter.php(145): CAccessControlFilter->accessDenied(Object(CWebUser), 'You are not aut...')
#1 C:\xampp\htdocs\yii\framework\web\filters\CFilter.php(38): CAccessControlFilter->preFilter(Object(CFilterChain))
#2 C:\xampp\htdocs\yii\framework\web\CController.php(1145): CFilter->filter(Object(CFilterChain))
#3 C:\xampp\htdocs\yii\framework\web\filters\CInlineFilter.php(58): CController->filterAccessControl(Object(CFilterChain))
#4 C:\xampp\htdocs\yii\framework\web\filters\CFilterChain.php(130): CInlineFilter->filter(Object(CFilterChain))
#5 C:\xampp\htdocs\yii\framework\web\CController.php(291): CFilterChain->run()
#6 C:\xampp\htdocs\yii\framework\web\CController.php(265): CController->runActionWithFilters(Object(CViewAction), Array)
#7 C:\xampp\htdocs\yii\framework\web\CWebApplication.php(282): CController->run('page')
#8 C:\xampp\htdocs\yii\framework\web\CWebApplication.php(141): CWebApplication->runController('site/page')
#9 C:\xampp\htdocs\yii\framework\base\CApplication.php(185): CWebApplication->processRequest()
#10 C:\xampp\htdocs\simop_yii\index.php(13): CApplication->run()
#11 {main}
REQUEST_URI=/simop_yii/index.php?r=site/page&view=about
HTTP_REFERER=http://localhost/simop_yii/
---
2016/03/21 06:21:33 [error] [exception.CHttpException.403] exception 'CHttpException' with message 'You are not authorized to perform this action.' in C:\xampp\htdocs\yii\framework\web\auth\CAccessControlFilter.php:182
Stack trace:
#0 C:\xampp\htdocs\yii\framework\web\auth\CAccessControlFilter.php(145): CAccessControlFilter->accessDenied(Object(CWebUser), 'You are not aut...')
#1 C:\xampp\htdocs\yii\framework\web\filters\CFilter.php(38): CAccessControlFilter->preFilter(Object(CFilterChain))
#2 C:\xampp\htdocs\yii\framework\web\CController.php(1145): CFilter->filter(Object(CFilterChain))
#3 C:\xampp\htdocs\yii\framework\web\filters\CInlineFilter.php(58): CController->filterAccessControl(Object(CFilterChain))
#4 C:\xampp\htdocs\yii\framework\web\filters\CFilterChain.php(130): CInlineFilter->filter(Object(CFilterChain))
#5 C:\xampp\htdocs\yii\framework\web\CController.php(291): CFilterChain->run()
#6 C:\xampp\htdocs\yii\framework\web\CController.php(265): CController->runActionWithFilters(Object(CInlineAction), Array)
#7 C:\xampp\htdocs\yii\framework\web\CWebApplication.php(282): CController->run('contact')
#8 C:\xampp\htdocs\yii\framework\web\CWebApplication.php(141): CWebApplication->runController('site/contact')
#9 C:\xampp\htdocs\yii\framework\base\CApplication.php(185): CWebApplication->processRequest()
#10 C:\xampp\htdocs\simop_yii\index.php(13): CApplication->run()
#11 {main}
REQUEST_URI=/simop_yii/index.php?r=site/contact
HTTP_REFERER=http://localhost/simop_yii/
---
2016/03/22 07:52:45 [error] [exception.CHttpException.403] exception 'CHttpException' with message 'You are not authorized to perform this action.' in C:\xampp\htdocs\yii\framework\web\auth\CAccessControlFilter.php:182
Stack trace:
#0 C:\xampp\htdocs\yii\framework\web\auth\CAccessControlFilter.php(145): CAccessControlFilter->accessDenied(Object(CWebUser), 'You are not aut...')
#1 C:\xampp\htdocs\yii\framework\web\filters\CFilter.php(38): CAccessControlFilter->preFilter(Object(CFilterChain))
#2 C:\xampp\htdocs\yii\framework\web\CController.php(1145): CFilter->filter(Object(CFilterChain))
#3 C:\xampp\htdocs\yii\framework\web\filters\CInlineFilter.php(58): CController->filterAccessControl(Object(CFilterChain))
#4 C:\xampp\htdocs\yii\framework\web\filters\CFilterChain.php(130): CInlineFilter->filter(Object(CFilterChain))
#5 C:\xampp\htdocs\yii\framework\web\CController.php(291): CFilterChain->run()
#6 C:\xampp\htdocs\yii\framework\web\CController.php(265): CController->runActionWithFilters(Object(CViewAction), Array)
#7 C:\xampp\htdocs\yii\framework\web\CWebApplication.php(282): CController->run('page')
#8 C:\xampp\htdocs\yii\framework\web\CWebApplication.php(141): CWebApplication->runController('site/page')
#9 C:\xampp\htdocs\yii\framework\base\CApplication.php(185): CWebApplication->processRequest()
#10 C:\xampp\htdocs\simop_yii\index.php(13): CApplication->run()
#11 {main}
REQUEST_URI=/simop_yii/index.php?r=site/page&view=about
HTTP_REFERER=http://localhost/simop_yii/
---
2016/03/22 08:30:19 [error] [exception.CException] exception 'CException' with message 'Property "CWebApplication.pageTitle" is not defined.' in C:\xampp\htdocs\yii\framework\base\CComponent.php:130
Stack trace:
#0 C:\xampp\htdocs\yii\framework\base\CModule.php(105): CComponent->__get('pageTitle')
#1 C:\xampp\htdocs\simop_yii\protected\views\layouts\main.php(7): CModule->__get('pageTitle')
#2 C:\xampp\htdocs\yii\framework\web\CBaseController.php(126): require('C:\\xampp\\htdocs...')
#3 C:\xampp\htdocs\yii\framework\web\CBaseController.php(95): CBaseController->renderInternal('C:\\xampp\\htdocs...', Array, true)
#4 C:\xampp\htdocs\yii\framework\web\widgets\CContentDecorator.php(76): CBaseController->renderFile('C:\\xampp\\htdocs...', Array, true)
#5 C:\xampp\htdocs\yii\framework\web\widgets\CContentDecorator.php(54): CContentDecorator->decorate('<!-- Start: Sid...')
#6 C:\xampp\htdocs\yii\framework\web\widgets\COutputProcessor.php(44): CContentDecorator->processOutput('<!-- Start: Sid...')
#7 C:\xampp\htdocs\yii\framework\web\CBaseController.php(214): COutputProcessor->run()
#8 C:\xampp\htdocs\yii\framework\web\CBaseController.php(308): CBaseController->endWidget('CContentDecorat...')
#9 C:\xampp\htdocs\simop_yii\protected\views\layouts\column2.php(138): CBaseController->endContent()
#10 C:\xampp\htdocs\yii\framework\web\CBaseController.php(126): require('C:\\xampp\\htdocs...')
#11 C:\xampp\htdocs\yii\framework\web\CBaseController.php(95): CBaseController->renderInternal('C:\\xampp\\htdocs...', Array, true)
#12 C:\xampp\htdocs\yii\framework\web\CController.php(784): CBaseController->renderFile('C:\\xampp\\htdocs...', Array, true)
#13 C:\xampp\htdocs\simop_yii\protected\controllers\SiteController.php(59): CController->render('index')
#14 C:\xampp\htdocs\yii\framework\web\actions\CInlineAction.php(49): SiteController->actionIndex()
#15 C:\xampp\htdocs\yii\framework\web\CController.php(308): CInlineAction->runWithParams(Array)
#16 C:\xampp\htdocs\yii\framework\web\filters\CFilterChain.php(133): CController->runAction(Object(CInlineAction))
#17 C:\xampp\htdocs\yii\framework\web\filters\CFilter.php(40): CFilterChain->run()
#18 C:\xampp\htdocs\yii\framework\web\CController.php(1145): CFilter->filter(Object(CFilterChain))
#19 C:\xampp\htdocs\yii\framework\web\filters\CInlineFilter.php(58): CController->filterAccessControl(Object(CFilterChain))
#20 C:\xampp\htdocs\yii\framework\web\filters\CFilterChain.php(130): CInlineFilter->filter(Object(CFilterChain))
#21 C:\xampp\htdocs\yii\framework\web\CController.php(291): CFilterChain->run()
#22 C:\xampp\htdocs\yii\framework\web\CController.php(265): CController->runActionWithFilters(Object(CInlineAction), Array)
#23 C:\xampp\htdocs\yii\framework\web\CWebApplication.php(282): CController->run('')
#24 C:\xampp\htdocs\yii\framework\web\CWebApplication.php(141): CWebApplication->runController('')
#25 C:\xampp\htdocs\yii\framework\base\CApplication.php(185): CWebApplication->processRequest()
#26 C:\xampp\htdocs\simop_yii\index.php(13): CApplication->run()
#27 {main}
REQUEST_URI=/simop_yii/index.php
HTTP_REFERER=http://localhost/simop_yii/index.php?r=site/login
---
2016/03/22 08:31:50 [error] [exception.CException] exception 'CException' with message 'Property "CWebApplication.pageTitle" is not defined.' in C:\xampp\htdocs\yii\framework\base\CComponent.php:130
Stack trace:
#0 C:\xampp\htdocs\yii\framework\base\CModule.php(105): CComponent->__get('pageTitle')
#1 C:\xampp\htdocs\simop_yii\protected\views\layouts\main.php(7): CModule->__get('pageTitle')
#2 C:\xampp\htdocs\yii\framework\web\CBaseController.php(126): require('C:\\xampp\\htdocs...')
#3 C:\xampp\htdocs\yii\framework\web\CBaseController.php(95): CBaseController->renderInternal('C:\\xampp\\htdocs...', Array, true)
#4 C:\xampp\htdocs\yii\framework\web\widgets\CContentDecorator.php(76): CBaseController->renderFile('C:\\xampp\\htdocs...', Array, true)
#5 C:\xampp\htdocs\yii\framework\web\widgets\CContentDecorator.php(54): CContentDecorator->decorate('<!-- Start: Sid...')
#6 C:\xampp\htdocs\yii\framework\web\widgets\COutputProcessor.php(44): CContentDecorator->processOutput('<!-- Start: Sid...')
#7 C:\xampp\htdocs\yii\framework\web\CBaseController.php(214): COutputProcessor->run()
#8 C:\xampp\htdocs\yii\framework\web\CBaseController.php(308): CBaseController->endWidget('CContentDecorat...')
#9 C:\xampp\htdocs\simop_yii\protected\views\layouts\column2.php(138): CBaseController->endContent()
#10 C:\xampp\htdocs\yii\framework\web\CBaseController.php(126): require('C:\\xampp\\htdocs...')
#11 C:\xampp\htdocs\yii\framework\web\CBaseController.php(95): CBaseController->renderInternal('C:\\xampp\\htdocs...', Array, true)
#12 C:\xampp\htdocs\yii\framework\web\CController.php(784): CBaseController->renderFile('C:\\xampp\\htdocs...', Array, true)
#13 C:\xampp\htdocs\simop_yii\protected\controllers\SiteController.php(59): CController->render('index')
#14 C:\xampp\htdocs\yii\framework\web\actions\CInlineAction.php(49): SiteController->actionIndex()
#15 C:\xampp\htdocs\yii\framework\web\CController.php(308): CInlineAction->runWithParams(Array)
#16 C:\xampp\htdocs\yii\framework\web\filters\CFilterChain.php(133): CController->runAction(Object(CInlineAction))
#17 C:\xampp\htdocs\yii\framework\web\filters\CFilter.php(40): CFilterChain->run()
#18 C:\xampp\htdocs\yii\framework\web\CController.php(1145): CFilter->filter(Object(CFilterChain))
#19 C:\xampp\htdocs\yii\framework\web\filters\CInlineFilter.php(58): CController->filterAccessControl(Object(CFilterChain))
#20 C:\xampp\htdocs\yii\framework\web\filters\CFilterChain.php(130): CInlineFilter->filter(Object(CFilterChain))
#21 C:\xampp\htdocs\yii\framework\web\CController.php(291): CFilterChain->run()
#22 C:\xampp\htdocs\yii\framework\web\CController.php(265): CController->runActionWithFilters(Object(CInlineAction), Array)
#23 C:\xampp\htdocs\yii\framework\web\CWebApplication.php(282): CController->run('')
#24 C:\xampp\htdocs\yii\framework\web\CWebApplication.php(141): CWebApplication->runController('')
#25 C:\xampp\htdocs\yii\framework\base\CApplication.php(185): CWebApplication->processRequest()
#26 C:\xampp\htdocs\simop_yii\index.php(13): CApplication->run()
#27 {main}
REQUEST_URI=/simop_yii/
---
2016/03/22 08:32:36 [error] [exception.CException] exception 'CException' with message 'Property "CWebApplication.pageTitle" is not defined.' in C:\xampp\htdocs\yii\framework\base\CComponent.php:130
Stack trace:
#0 C:\xampp\htdocs\yii\framework\base\CModule.php(105): CComponent->__get('pageTitle')
#1 C:\xampp\htdocs\simop_yii\protected\views\layouts\main.php(7): CModule->__get('pageTitle')
#2 C:\xampp\htdocs\yii\framework\web\CBaseController.php(126): require('C:\\xampp\\htdocs...')
#3 C:\xampp\htdocs\yii\framework\web\CBaseController.php(95): CBaseController->renderInternal('C:\\xampp\\htdocs...', Array, true)
#4 C:\xampp\htdocs\yii\framework\web\widgets\CContentDecorator.php(76): CBaseController->renderFile('C:\\xampp\\htdocs...', Array, true)
#5 C:\xampp\htdocs\yii\framework\web\widgets\CContentDecorator.php(54): CContentDecorator->decorate('<!-- Start: Sid...')
#6 C:\xampp\htdocs\yii\framework\web\widgets\COutputProcessor.php(44): CContentDecorator->processOutput('<!-- Start: Sid...')
#7 C:\xampp\htdocs\yii\framework\web\CBaseController.php(214): COutputProcessor->run()
#8 C:\xampp\htdocs\yii\framework\web\CBaseController.php(308): CBaseController->endWidget('CContentDecorat...')
#9 C:\xampp\htdocs\simop_yii\protected\views\layouts\column2.php(138): CBaseController->endContent()
#10 C:\xampp\htdocs\yii\framework\web\CBaseController.php(126): require('C:\\xampp\\htdocs...')
#11 C:\xampp\htdocs\yii\framework\web\CBaseController.php(95): CBaseController->renderInternal('C:\\xampp\\htdocs...', Array, true)
#12 C:\xampp\htdocs\yii\framework\web\CController.php(784): CBaseController->renderFile('C:\\xampp\\htdocs...', Array, true)
#13 C:\xampp\htdocs\simop_yii\protected\controllers\SiteController.php(59): CController->render('index')
#14 C:\xampp\htdocs\yii\framework\web\actions\CInlineAction.php(49): SiteController->actionIndex()
#15 C:\xampp\htdocs\yii\framework\web\CController.php(308): CInlineAction->runWithParams(Array)
#16 C:\xampp\htdocs\yii\framework\web\filters\CFilterChain.php(133): CController->runAction(Object(CInlineAction))
#17 C:\xampp\htdocs\yii\framework\web\filters\CFilter.php(40): CFilterChain->run()
#18 C:\xampp\htdocs\yii\framework\web\CController.php(1145): CFilter->filter(Object(CFilterChain))
#19 C:\xampp\htdocs\yii\framework\web\filters\CInlineFilter.php(58): CController->filterAccessControl(Object(CFilterChain))
#20 C:\xampp\htdocs\yii\framework\web\filters\CFilterChain.php(130): CInlineFilter->filter(Object(CFilterChain))
#21 C:\xampp\htdocs\yii\framework\web\CController.php(291): CFilterChain->run()
#22 C:\xampp\htdocs\yii\framework\web\CController.php(265): CController->runActionWithFilters(Object(CInlineAction), Array)
#23 C:\xampp\htdocs\yii\framework\web\CWebApplication.php(282): CController->run('')
#24 C:\xampp\htdocs\yii\framework\web\CWebApplication.php(141): CWebApplication->runController('')
#25 C:\xampp\htdocs\yii\framework\base\CApplication.php(185): CWebApplication->processRequest()
#26 C:\xampp\htdocs\simop_yii\index.php(13): CApplication->run()
#27 {main}
REQUEST_URI=/simop_yii/
---
2016/03/23 05:58:14 [error] [exception.CHttpException.404] exception 'CHttpException' with message 'The system is unable to find the requested action "gii".' in C:\xampp\htdocs\yii\framework\web\CController.php:483
Stack trace:
#0 C:\xampp\htdocs\yii\framework\web\CController.php(270): CController->missingAction('gii')
#1 C:\xampp\htdocs\yii\framework\web\CWebApplication.php(282): CController->run('gii')
#2 C:\xampp\htdocs\yii\framework\web\CWebApplication.php(141): CWebApplication->runController('site/gii')
#3 C:\xampp\htdocs\yii\framework\base\CApplication.php(185): CWebApplication->processRequest()
#4 C:\xampp\htdocs\simop_yii\index.php(13): CApplication->run()
#5 {main}
REQUEST_URI=/simop_yii/index.php?r=site/gii
---
2016/03/23 08:18:43 [error] [exception.CHttpException.403] exception 'CHttpException' with message 'You are not authorized to perform this action.' in C:\xampp\htdocs\yii\framework\web\auth\CAccessControlFilter.php:182
Stack trace:
#0 C:\xampp\htdocs\yii\framework\web\auth\CAccessControlFilter.php(145): CAccessControlFilter->accessDenied(Object(CWebUser), 'You are not aut...')
#1 C:\xampp\htdocs\yii\framework\web\filters\CFilter.php(38): CAccessControlFilter->preFilter(Object(CFilterChain))
#2 C:\xampp\htdocs\yii\framework\web\CController.php(1145): CFilter->filter(Object(CFilterChain))
#3 C:\xampp\htdocs\yii\framework\web\filters\CInlineFilter.php(58): CController->filterAccessControl(Object(CFilterChain))
#4 C:\xampp\htdocs\yii\framework\web\filters\CFilterChain.php(130): CInlineFilter->filter(Object(CFilterChain))
#5 C:\xampp\htdocs\yii\framework\web\CController.php(291): CFilterChain->run()
#6 C:\xampp\htdocs\yii\framework\web\CController.php(265): CController->runActionWithFilters(Object(CInlineAction), Array)
#7 C:\xampp\htdocs\yii\framework\web\CWebApplication.php(282): CController->run('datagantt')
#8 C:\xampp\htdocs\yii\framework\web\CWebApplication.php(141): CWebApplication->runController('kegiatan/dataga...')
#9 C:\xampp\htdocs\yii\framework\base\CApplication.php(185): CWebApplication->processRequest()
#10 C:\xampp\htdocs\simop_yii\index.php(13): CApplication->run()
#11 {main}
REQUEST_URI=/simop_yii/index.php?r=kegiatan/datagantt
---
2016/03/23 08:19:19 [error] [exception.CException] exception 'CException' with message 'KegiatanController and its behaviors do not have a method or closure named "render_partial".' in C:\xampp\htdocs\yii\framework\base\CComponent.php:266
Stack trace:
#0 C:\xampp\htdocs\simop_yii\protected\controllers\KegiatanController.php(177): CComponent->__call('render_partial', Array)
#1 C:\xampp\htdocs\simop_yii\protected\controllers\KegiatanController.php(177): KegiatanController->render_partial('data_gantt', Array)
#2 C:\xampp\htdocs\yii\framework\web\actions\CInlineAction.php(49): KegiatanController->actionDataGantt()
#3 C:\xampp\htdocs\yii\framework\web\CController.php(308): CInlineAction->runWithParams(Array)
#4 C:\xampp\htdocs\yii\framework\web\filters\CFilterChain.php(133): CController->runAction(Object(CInlineAction))
#5 C:\xampp\htdocs\yii\framework\web\filters\CFilter.php(40): CFilterChain->run()
#6 C:\xampp\htdocs\yii\framework\web\CController.php(1145): CFilter->filter(Object(CFilterChain))
#7 C:\xampp\htdocs\yii\framework\web\filters\CInlineFilter.php(58): CController->filterAccessControl(Object(CFilterChain))
#8 C:\xampp\htdocs\yii\framework\web\filters\CFilterChain.php(130): CInlineFilter->filter(Object(CFilterChain))
#9 C:\xampp\htdocs\yii\framework\web\CController.php(291): CFilterChain->run()
#10 C:\xampp\htdocs\yii\framework\web\CController.php(265): CController->runActionWithFilters(Object(CInlineAction), Array)
#11 C:\xampp\htdocs\yii\framework\web\CWebApplication.php(282): CController->run('datagantt')
#12 C:\xampp\htdocs\yii\framework\web\CWebApplication.php(141): CWebApplication->runController('kegiatan/dataga...')
#13 C:\xampp\htdocs\yii\framework\base\CApplication.php(185): CWebApplication->processRequest()
#14 C:\xampp\htdocs\simop_yii\index.php(13): CApplication->run()
#15 {main}
REQUEST_URI=/simop_yii/index.php?r=kegiatan/datagantt
---
2016/03/23 08:58:07 [error] [php] trim() expects parameter 1 to be string, array given (C:\xampp\htdocs\yii\framework\web\CUrlManager.php:297)
Stack trace:
#0 C:\xampp\htdocs\simop_yii\protected\views\kegiatan\data_gantt.php(8): CWebApplication->createUrl()
#1 C:\xampp\htdocs\yii\framework\web\CBaseController.php(126): require()
#2 C:\xampp\htdocs\yii\framework\web\CBaseController.php(95): KegiatanController->renderInternal()
#3 C:\xampp\htdocs\yii\framework\web\CController.php(869): KegiatanController->renderFile()
#4 C:\xampp\htdocs\simop_yii\protected\controllers\KegiatanController.php(177): KegiatanController->renderPartial()
#5 C:\xampp\htdocs\yii\framework\web\actions\CInlineAction.php(49): KegiatanController->actionDataGantt()
#6 C:\xampp\htdocs\yii\framework\web\CController.php(308): CInlineAction->runWithParams()
#7 C:\xampp\htdocs\yii\framework\web\filters\CFilterChain.php(133): KegiatanController->runAction()
#8 C:\xampp\htdocs\yii\framework\web\filters\CFilter.php(40): CFilterChain->run()
#9 C:\xampp\htdocs\yii\framework\web\CController.php(1145): CAccessControlFilter->filter()
#10 C:\xampp\htdocs\yii\framework\web\filters\CInlineFilter.php(58): KegiatanController->filterAccessControl()
#11 C:\xampp\htdocs\yii\framework\web\filters\CFilterChain.php(130): CInlineFilter->filter()
#12 C:\xampp\htdocs\yii\framework\web\CController.php(291): CFilterChain->run()
#13 C:\xampp\htdocs\yii\framework\web\CController.php(265): KegiatanController->runActionWithFilters()
#14 C:\xampp\htdocs\yii\framework\web\CWebApplication.php(282): KegiatanController->run()
#15 C:\xampp\htdocs\yii\framework\web\CWebApplication.php(141): CWebApplication->runController()
#16 C:\xampp\htdocs\yii\framework\base\CApplication.php(185): CWebApplication->processRequest()
#17 C:\xampp\htdocs\simop_yii\index.php(13): CWebApplication->run()
REQUEST_URI=/simop_yii/index.php?r=kegiatan/datagantt
in C:\xampp\htdocs\simop_yii\protected\views\kegiatan\data_gantt.php (8)
in C:\xampp\htdocs\simop_yii\protected\controllers\KegiatanController.php (177)
in C:\xampp\htdocs\simop_yii\index.php (13)
2016/03/23 08:58:32 [error] [php] trim() expects parameter 1 to be string, array given (C:\xampp\htdocs\yii\framework\web\CUrlManager.php:297)
Stack trace:
#0 C:\xampp\htdocs\simop_yii\protected\views\kegiatan\data_gantt.php(8): CWebApplication->createUrl()
#1 C:\xampp\htdocs\yii\framework\web\CBaseController.php(126): require()
#2 C:\xampp\htdocs\yii\framework\web\CBaseController.php(95): KegiatanController->renderInternal()
#3 C:\xampp\htdocs\yii\framework\web\CController.php(869): KegiatanController->renderFile()
#4 C:\xampp\htdocs\simop_yii\protected\controllers\KegiatanController.php(177): KegiatanController->renderPartial()
#5 C:\xampp\htdocs\yii\framework\web\actions\CInlineAction.php(49): KegiatanController->actionDataGantt()
#6 C:\xampp\htdocs\yii\framework\web\CController.php(308): CInlineAction->runWithParams()
#7 C:\xampp\htdocs\yii\framework\web\filters\CFilterChain.php(133): KegiatanController->runAction()
#8 C:\xampp\htdocs\yii\framework\web\filters\CFilter.php(40): CFilterChain->run()
#9 C:\xampp\htdocs\yii\framework\web\CController.php(1145): CAccessControlFilter->filter()
#10 C:\xampp\htdocs\yii\framework\web\filters\CInlineFilter.php(58): KegiatanController->filterAccessControl()
#11 C:\xampp\htdocs\yii\framework\web\filters\CFilterChain.php(130): CInlineFilter->filter()
#12 C:\xampp\htdocs\yii\framework\web\CController.php(291): CFilterChain->run()
#13 C:\xampp\htdocs\yii\framework\web\CController.php(265): KegiatanController->runActionWithFilters()
#14 C:\xampp\htdocs\yii\framework\web\CWebApplication.php(282): KegiatanController->run()
#15 C:\xampp\htdocs\yii\framework\web\CWebApplication.php(141): CWebApplication->runController()
#16 C:\xampp\htdocs\yii\framework\base\CApplication.php(185): CWebApplication->processRequest()
#17 C:\xampp\htdocs\simop_yii\index.php(13): CWebApplication->run()
REQUEST_URI=/simop_yii/index.php?r=kegiatan/datagantt
in C:\xampp\htdocs\simop_yii\protected\views\kegiatan\data_gantt.php (8)
in C:\xampp\htdocs\simop_yii\protected\controllers\KegiatanController.php (177)
in C:\xampp\htdocs\simop_yii\index.php (13)
2016/03/23 08:58:49 [error] [php] trim() expects parameter 1 to be string, array given (C:\xampp\htdocs\yii\framework\web\CUrlManager.php:297)
Stack trace:
#0 C:\xampp\htdocs\simop_yii\protected\views\kegiatan\data_gantt.php(8): CWebApplication->createUrl()
#1 C:\xampp\htdocs\yii\framework\web\CBaseController.php(126): require()
#2 C:\xampp\htdocs\yii\framework\web\CBaseController.php(95): KegiatanController->renderInternal()
#3 C:\xampp\htdocs\yii\framework\web\CController.php(869): KegiatanController->renderFile()
#4 C:\xampp\htdocs\simop_yii\protected\controllers\KegiatanController.php(177): KegiatanController->renderPartial()
#5 C:\xampp\htdocs\yii\framework\web\actions\CInlineAction.php(49): KegiatanController->actionDataGantt()
#6 C:\xampp\htdocs\yii\framework\web\CController.php(308): CInlineAction->runWithParams()
#7 C:\xampp\htdocs\yii\framework\web\filters\CFilterChain.php(133): KegiatanController->runAction()
#8 C:\xampp\htdocs\yii\framework\web\filters\CFilter.php(40): CFilterChain->run()
#9 C:\xampp\htdocs\yii\framework\web\CController.php(1145): CAccessControlFilter->filter()
#10 C:\xampp\htdocs\yii\framework\web\filters\CInlineFilter.php(58): KegiatanController->filterAccessControl()
#11 C:\xampp\htdocs\yii\framework\web\filters\CFilterChain.php(130): CInlineFilter->filter()
#12 C:\xampp\htdocs\yii\framework\web\CController.php(291): CFilterChain->run()
#13 C:\xampp\htdocs\yii\framework\web\CController.php(265): KegiatanController->runActionWithFilters()
#14 C:\xampp\htdocs\yii\framework\web\CWebApplication.php(282): KegiatanController->run()
#15 C:\xampp\htdocs\yii\framework\web\CWebApplication.php(141): CWebApplication->runController()
#16 C:\xampp\htdocs\yii\framework\base\CApplication.php(185): CWebApplication->processRequest()
#17 C:\xampp\htdocs\simop_yii\index.php(13): CWebApplication->run()
REQUEST_URI=/simop_yii/index.php?r=kegiatan/datagantt
in C:\xampp\htdocs\simop_yii\protected\views\kegiatan\data_gantt.php (8)
in C:\xampp\htdocs\simop_yii\protected\controllers\KegiatanController.php (177)
in C:\xampp\htdocs\simop_yii\index.php (13)
2016/03/23 09:01:55 [error] [php] Undefined variable: kegiatan (C:\xampp\htdocs\simop_yii\protected\views\kegiatan\view.php:22)
Stack trace:
#0 C:\xampp\htdocs\yii\framework\web\CController.php(869): KegiatanController->renderFile()
#1 C:\xampp\htdocs\yii\framework\web\CController.php(782): KegiatanController->renderPartial()
#2 C:\xampp\htdocs\simop_yii\protected\controllers\KegiatanController.php(56): KegiatanController->render()
#3 unknown(0): KegiatanController->actionView()
#4 C:\xampp\htdocs\yii\framework\web\actions\CAction.php(109): ReflectionMethod->invokeArgs()
#5 C:\xampp\htdocs\yii\framework\web\actions\CInlineAction.php(47): CInlineAction->runWithParamsInternal()
#6 C:\xampp\htdocs\yii\framework\web\CController.php(308): CInlineAction->runWithParams()
#7 C:\xampp\htdocs\yii\framework\web\filters\CFilterChain.php(133): KegiatanController->runAction()
#8 C:\xampp\htdocs\yii\framework\web\filters\CFilter.php(40): CFilterChain->run()
#9 C:\xampp\htdocs\yii\framework\web\CController.php(1145): CAccessControlFilter->filter()
#10 C:\xampp\htdocs\yii\framework\web\filters\CInlineFilter.php(58): KegiatanController->filterAccessControl()
#11 C:\xampp\htdocs\yii\framework\web\filters\CFilterChain.php(130): CInlineFilter->filter()
#12 C:\xampp\htdocs\yii\framework\web\CController.php(291): CFilterChain->run()
#13 C:\xampp\htdocs\yii\framework\web\CController.php(265): KegiatanController->runActionWithFilters()
#14 C:\xampp\htdocs\yii\framework\web\CWebApplication.php(282): KegiatanController->run()
#15 C:\xampp\htdocs\yii\framework\web\CWebApplication.php(141): CWebApplication->runController()
#16 C:\xampp\htdocs\yii\framework\base\CApplication.php(185): CWebApplication->processRequest()
#17 C:\xampp\htdocs\simop_yii\index.php(13): CWebApplication->run()
REQUEST_URI=/simop_yii/index.php?r=kegiatan/view&id=2
in C:\xampp\htdocs\simop_yii\protected\views\kegiatan\view.php (22)
in C:\xampp\htdocs\simop_yii\protected\controllers\KegiatanController.php (56)
in C:\xampp\htdocs\simop_yii\index.php (13)
2016/03/23 09:04:01 [error] [exception.CException] exception 'CException' with message 'Property "Kegiatan.jenis_waktu" is not defined.' in C:\xampp\htdocs\yii\framework\base\CComponent.php:130
Stack trace:
#0 C:\xampp\htdocs\yii\framework\db\ar\CActiveRecord.php(145): CComponent->__get('jenis_waktu')
#1 C:\xampp\htdocs\simop_yii\protected\views\kegiatan\view.php(35): CActiveRecord->__get('jenis_waktu')
#2 C:\xampp\htdocs\yii\framework\web\CBaseController.php(126): require('C:\\xampp\\htdocs...')
#3 C:\xampp\htdocs\yii\framework\web\CBaseController.php(95): CBaseController->renderInternal('C:\\xampp\\htdocs...', Array, true)
#4 C:\xampp\htdocs\yii\framework\web\CController.php(869): CBaseController->renderFile('C:\\xampp\\htdocs...', Array, true)
#5 C:\xampp\htdocs\yii\framework\web\CController.php(782): CController->renderPartial('view', Array, true)
#6 C:\xampp\htdocs\simop_yii\protected\controllers\KegiatanController.php(56): CController->render('view', Array)
#7 [internal function]: KegiatanController->actionView('2')
#8 C:\xampp\htdocs\yii\framework\web\actions\CAction.php(109): ReflectionMethod->invokeArgs(Object(KegiatanController), Array)
#9 C:\xampp\htdocs\yii\framework\web\actions\CInlineAction.php(47): CAction->runWithParamsInternal(Object(KegiatanController), Object(ReflectionMethod), Array)
#10 C:\xampp\htdocs\yii\framework\web\CController.php(308): CInlineAction->runWithParams(Array)
#11 C:\xampp\htdocs\yii\framework\web\filters\CFilterChain.php(133): CController->runAction(Object(CInlineAction))
#12 C:\xampp\htdocs\yii\framework\web\filters\CFilter.php(40): CFilterChain->run()
#13 C:\xampp\htdocs\yii\framework\web\CController.php(1145): CFilter->filter(Object(CFilterChain))
#14 C:\xampp\htdocs\yii\framework\web\filters\CInlineFilter.php(58): CController->filterAccessControl(Object(CFilterChain))
#15 C:\xampp\htdocs\yii\framework\web\filters\CFilterChain.php(130): CInlineFilter->filter(Object(CFilterChain))
#16 C:\xampp\htdocs\yii\framework\web\CController.php(291): CFilterChain->run()
#17 C:\xampp\htdocs\yii\framework\web\CController.php(265): CController->runActionWithFilters(Object(CInlineAction), Array)
#18 C:\xampp\htdocs\yii\framework\web\CWebApplication.php(282): CController->run('view')
#19 C:\xampp\htdocs\yii\framework\web\CWebApplication.php(141): CWebApplication->runController('kegiatan/view')
#20 C:\xampp\htdocs\yii\framework\base\CApplication.php(185): CWebApplication->processRequest()
#21 C:\xampp\htdocs\simop_yii\index.php(14): CApplication->run()
#22 {main}
REQUEST_URI=/simop_yii/index.php?r=kegiatan/view&id=2
HTTP_REFERER=http://localhost/simop_yii/index.php?r=kegiatan
---
2016/03/23 09:06:22 [error] [exception.CException] exception 'CException' with message 'Property "Kegiatan.jeniWaktu" is not defined.' in C:\xampp\htdocs\yii\framework\base\CComponent.php:130
Stack trace:
#0 C:\xampp\htdocs\yii\framework\db\ar\CActiveRecord.php(145): CComponent->__get('jeniWaktu')
#1 C:\xampp\htdocs\simop_yii\protected\views\kegiatan\view.php(35): CActiveRecord->__get('jeniWaktu')
#2 C:\xampp\htdocs\yii\framework\web\CBaseController.php(126): require('C:\\xampp\\htdocs...')
#3 C:\xampp\htdocs\yii\framework\web\CBaseController.php(95): CBaseController->renderInternal('C:\\xampp\\htdocs...', Array, true)
#4 C:\xampp\htdocs\yii\framework\web\CController.php(869): CBaseController->renderFile('C:\\xampp\\htdocs...', Array, true)
#5 C:\xampp\htdocs\yii\framework\web\CController.php(782): CController->renderPartial('view', Array, true)
#6 C:\xampp\htdocs\simop_yii\protected\controllers\KegiatanController.php(56): CController->render('view', Array)
#7 [internal function]: KegiatanController->actionView('2')
#8 C:\xampp\htdocs\yii\framework\web\actions\CAction.php(109): ReflectionMethod->invokeArgs(Object(KegiatanController), Array)
#9 C:\xampp\htdocs\yii\framework\web\actions\CInlineAction.php(47): CAction->runWithParamsInternal(Object(KegiatanController), Object(ReflectionMethod), Array)
#10 C:\xampp\htdocs\yii\framework\web\CController.php(308): CInlineAction->runWithParams(Array)
#11 C:\xampp\htdocs\yii\framework\web\filters\CFilterChain.php(133): CController->runAction(Object(CInlineAction))
#12 C:\xampp\htdocs\yii\framework\web\filters\CFilter.php(40): CFilterChain->run()
#13 C:\xampp\htdocs\yii\framework\web\CController.php(1145): CFilter->filter(Object(CFilterChain))
#14 C:\xampp\htdocs\yii\framework\web\filters\CInlineFilter.php(58): CController->filterAccessControl(Object(CFilterChain))
#15 C:\xampp\htdocs\yii\framework\web\filters\CFilterChain.php(130): CInlineFilter->filter(Object(CFilterChain))
#16 C:\xampp\htdocs\yii\framework\web\CController.php(291): CFilterChain->run()
#17 C:\xampp\htdocs\yii\framework\web\CController.php(265): CController->runActionWithFilters(Object(CInlineAction), Array)
#18 C:\xampp\htdocs\yii\framework\web\CWebApplication.php(282): CController->run('view')
#19 C:\xampp\htdocs\yii\framework\web\CWebApplication.php(141): CWebApplication->runController('kegiatan/view')
#20 C:\xampp\htdocs\yii\framework\base\CApplication.php(185): CWebApplication->processRequest()
#21 C:\xampp\htdocs\simop_yii\index.php(14): CApplication->run()
#22 {main}
REQUEST_URI=/simop_yii/index.php?r=kegiatan/view&id=2
HTTP_REFERER=http://localhost/simop_yii/index.php?r=kegiatan
---
2016/03/23 09:06:33 [error] [php] include(Pekerjaan.php): failed to open stream: No such file or directory (C:\xampp\htdocs\yii\framework\YiiBase.php:432)
Stack trace:
#0 C:\xampp\htdocs\yii\framework\db\ar\CActiveRecord.php(395): spl_autoload_call()
#1 C:\xampp\htdocs\yii\framework\db\ar\CActiveFinder.php(182): model()
#2 C:\xampp\htdocs\yii\framework\db\ar\CActiveFinder.php(230): CActiveFinder->getModel()
#3 C:\xampp\htdocs\yii\framework\db\ar\CActiveFinder.php(48): CActiveFinder->buildJoinTree()
#4 C:\xampp\htdocs\yii\framework\db\ar\CActiveRecord.php(912): CActiveFinder->__construct()
#5 C:\xampp\htdocs\yii\framework\db\ar\CActiveRecord.php(280): Kegiatan->getActiveFinder()
#6 C:\xampp\htdocs\yii\framework\db\ar\CActiveRecord.php(143): Kegiatan->getRelated()
#7 C:\xampp\htdocs\simop_yii\protected\views\kegiatan\view.php(65): Kegiatan->__get()
#8 C:\xampp\htdocs\yii\framework\web\CBaseController.php(126): require()
#9 C:\xampp\htdocs\yii\framework\web\CBaseController.php(95): KegiatanController->renderInternal()
#10 C:\xampp\htdocs\yii\framework\web\CController.php(869): KegiatanController->renderFile()
#11 C:\xampp\htdocs\yii\framework\web\CController.php(782): KegiatanController->renderPartial()
#12 C:\xampp\htdocs\simop_yii\protected\controllers\KegiatanController.php(56): KegiatanController->render()
#13 unknown(0): KegiatanController->actionView()
#14 C:\xampp\htdocs\yii\framework\web\actions\CAction.php(109): ReflectionMethod->invokeArgs()
#15 C:\xampp\htdocs\yii\framework\web\actions\CInlineAction.php(47): CInlineAction->runWithParamsInternal()
#16 C:\xampp\htdocs\yii\framework\web\CController.php(308): CInlineAction->runWithParams()
#17 C:\xampp\htdocs\yii\framework\web\filters\CFilterChain.php(133): KegiatanController->runAction()
#18 C:\xampp\htdocs\yii\framework\web\filters\CFilter.php(40): CFilterChain->run()
#19 C:\xampp\htdocs\yii\framework\web\CController.php(1145): CAccessControlFilter->filter()
#20 C:\xampp\htdocs\yii\framework\web\filters\CInlineFilter.php(58): KegiatanController->filterAccessControl()
#21 C:\xampp\htdocs\yii\framework\web\filters\CFilterChain.php(130): CInlineFilter->filter()
#22 C:\xampp\htdocs\yii\framework\web\CController.php(291): CFilterChain->run()
#23 C:\xampp\htdocs\yii\framework\web\CController.php(265): KegiatanController->runActionWithFilters()
#24 C:\xampp\htdocs\yii\framework\web\CWebApplication.php(282): KegiatanController->run()
#25 C:\xampp\htdocs\yii\framework\web\CWebApplication.php(141): CWebApplication->runController()
#26 C:\xampp\htdocs\yii\framework\base\CApplication.php(185): CWebApplication->processRequest()
#27 C:\xampp\htdocs\simop_yii\index.php(14): CWebApplication->run()
REQUEST_URI=/simop_yii/index.php?r=kegiatan/view&id=2
in C:\xampp\htdocs\simop_yii\protected\views\kegiatan\view.php (65)
in C:\xampp\htdocs\simop_yii\protected\controllers\KegiatanController.php (56)
in C:\xampp\htdocs\simop_yii\index.php (14)
2016/03/23 09:07:20 [error] [exception.CException] exception 'CException' with message 'Property "Pekerjaan.satuan" is not defined.' in C:\xampp\htdocs\yii\framework\base\CComponent.php:130
Stack trace:
#0 C:\xampp\htdocs\yii\framework\db\ar\CActiveRecord.php(145): CComponent->__get('satuan')
#1 C:\xampp\htdocs\simop_yii\protected\views\kegiatan\view.php(70): CActiveRecord->__get('satuan')
#2 C:\xampp\htdocs\yii\framework\web\CBaseController.php(126): require('C:\\xampp\\htdocs...')
#3 C:\xampp\htdocs\yii\framework\web\CBaseController.php(95): CBaseController->renderInternal('C:\\xampp\\htdocs...', Array, true)
#4 C:\xampp\htdocs\yii\framework\web\CController.php(869): CBaseController->renderFile('C:\\xampp\\htdocs...', Array, true)
#5 C:\xampp\htdocs\yii\framework\web\CController.php(782): CController->renderPartial('view', Array, true)
#6 C:\xampp\htdocs\simop_yii\protected\controllers\KegiatanController.php(56): CController->render('view', Array)
#7 [internal function]: KegiatanController->actionView('2')
#8 C:\xampp\htdocs\yii\framework\web\actions\CAction.php(109): ReflectionMethod->invokeArgs(Object(KegiatanController), Array)
#9 C:\xampp\htdocs\yii\framework\web\actions\CInlineAction.php(47): CAction->runWithParamsInternal(Object(KegiatanController), Object(ReflectionMethod), Array)
#10 C:\xampp\htdocs\yii\framework\web\CController.php(308): CInlineAction->runWithParams(Array)
#11 C:\xampp\htdocs\yii\framework\web\filters\CFilterChain.php(133): CController->runAction(Object(CInlineAction))
#12 C:\xampp\htdocs\yii\framework\web\filters\CFilter.php(40): CFilterChain->run()
#13 C:\xampp\htdocs\yii\framework\web\CController.php(1145): CFilter->filter(Object(CFilterChain))
#14 C:\xampp\htdocs\yii\framework\web\filters\CInlineFilter.php(58): CController->filterAccessControl(Object(CFilterChain))
#15 C:\xampp\htdocs\yii\framework\web\filters\CFilterChain.php(130): CInlineFilter->filter(Object(CFilterChain))
#16 C:\xampp\htdocs\yii\framework\web\CController.php(291): CFilterChain->run()
#17 C:\xampp\htdocs\yii\framework\web\CController.php(265): CController->runActionWithFilters(Object(CInlineAction), Array)
#18 C:\xampp\htdocs\yii\framework\web\CWebApplication.php(282): CController->run('view')
#19 C:\xampp\htdocs\yii\framework\web\CWebApplication.php(141): CWebApplication->runController('kegiatan/view')
#20 C:\xampp\htdocs\yii\framework\base\CApplication.php(185): CWebApplication->processRequest()
#21 C:\xampp\htdocs\simop_yii\index.php(14): CApplication->run()
#22 {main}
REQUEST_URI=/simop_yii/index.php?r=kegiatan/view&id=2
HTTP_REFERER=http://localhost/simop_yii/index.php?r=kegiatan
---
2016/03/23 09:08:58 [error] [php] Trying to get property of non-object (C:\xampp\htdocs\simop_yii\protected\views\kegiatan\view.php:70)
Stack trace:
#0 C:\xampp\htdocs\yii\framework\web\CController.php(869): KegiatanController->renderFile()
#1 C:\xampp\htdocs\yii\framework\web\CController.php(782): KegiatanController->renderPartial()
#2 C:\xampp\htdocs\simop_yii\protected\controllers\KegiatanController.php(56): KegiatanController->render()
#3 unknown(0): KegiatanController->actionView()
#4 C:\xampp\htdocs\yii\framework\web\actions\CAction.php(109): ReflectionMethod->invokeArgs()
#5 C:\xampp\htdocs\yii\framework\web\actions\CInlineAction.php(47): CInlineAction->runWithParamsInternal()
#6 C:\xampp\htdocs\yii\framework\web\CController.php(308): CInlineAction->runWithParams()
#7 C:\xampp\htdocs\yii\framework\web\filters\CFilterChain.php(133): KegiatanController->runAction()
#8 C:\xampp\htdocs\yii\framework\web\filters\CFilter.php(40): CFilterChain->run()
#9 C:\xampp\htdocs\yii\framework\web\CController.php(1145): CAccessControlFilter->filter()
#10 C:\xampp\htdocs\yii\framework\web\filters\CInlineFilter.php(58): KegiatanController->filterAccessControl()
#11 C:\xampp\htdocs\yii\framework\web\filters\CFilterChain.php(130): CInlineFilter->filter()
#12 C:\xampp\htdocs\yii\framework\web\CController.php(291): CFilterChain->run()
#13 C:\xampp\htdocs\yii\framework\web\CController.php(265): KegiatanController->runActionWithFilters()
#14 C:\xampp\htdocs\yii\framework\web\CWebApplication.php(282): KegiatanController->run()
#15 C:\xampp\htdocs\yii\framework\web\CWebApplication.php(141): CWebApplication->runController()
#16 C:\xampp\htdocs\yii\framework\base\CApplication.php(185): CWebApplication->processRequest()
#17 C:\xampp\htdocs\simop_yii\index.php(14): CWebApplication->run()
REQUEST_URI=/simop_yii/index.php?r=kegiatan/view&id=5
in C:\xampp\htdocs\simop_yii\protected\views\kegiatan\view.php (70)
in C:\xampp\htdocs\simop_yii\protected\controllers\KegiatanController.php (56)
in C:\xampp\htdocs\simop_yii\index.php (14)
2016/03/23 09:31:45 [error] [php] Undefined variable: pekerjaan (C:\xampp\htdocs\simop_yii\protected\views\pekerjaan\view.php:23)
Stack trace:
#0 C:\xampp\htdocs\yii\framework\web\CController.php(869): PekerjaanController->renderFile()
#1 C:\xampp\htdocs\yii\framework\web\CController.php(782): PekerjaanController->renderPartial()
#2 C:\xampp\htdocs\simop_yii\protected\controllers\PekerjaanController.php(56): PekerjaanController->render()
#3 unknown(0): PekerjaanController->actionView()
#4 C:\xampp\htdocs\yii\framework\web\actions\CAction.php(109): ReflectionMethod->invokeArgs()
#5 C:\xampp\htdocs\yii\framework\web\actions\CInlineAction.php(47): CInlineAction->runWithParamsInternal()
#6 C:\xampp\htdocs\yii\framework\web\CController.php(308): CInlineAction->runWithParams()
#7 C:\xampp\htdocs\yii\framework\web\filters\CFilterChain.php(133): PekerjaanController->runAction()
#8 C:\xampp\htdocs\yii\framework\web\filters\CFilter.php(40): CFilterChain->run()
#9 C:\xampp\htdocs\yii\framework\web\CController.php(1145): CAccessControlFilter->filter()
#10 C:\xampp\htdocs\yii\framework\web\filters\CInlineFilter.php(58): PekerjaanController->filterAccessControl()
#11 C:\xampp\htdocs\yii\framework\web\filters\CFilterChain.php(130): CInlineFilter->filter()
#12 C:\xampp\htdocs\yii\framework\web\CController.php(291): CFilterChain->run()
#13 C:\xampp\htdocs\yii\framework\web\CController.php(265): PekerjaanController->runActionWithFilters()
#14 C:\xampp\htdocs\yii\framework\web\CWebApplication.php(282): PekerjaanController->run()
#15 C:\xampp\htdocs\yii\framework\web\CWebApplication.php(141): CWebApplication->runController()
#16 C:\xampp\htdocs\yii\framework\base\CApplication.php(185): CWebApplication->processRequest()
#17 C:\xampp\htdocs\simop_yii\index.php(14): CWebApplication->run()
REQUEST_URI=/simop_yii/index.php?r=pekerjaan/view&id=2
in C:\xampp\htdocs\simop_yii\protected\views\pekerjaan\view.php (23)
in C:\xampp\htdocs\simop_yii\protected\controllers\PekerjaanController.php (56)
in C:\xampp\htdocs\simop_yii\index.php (14)
2016/03/23 09:32:00 [error] [exception.CException] exception 'CException' with message 'Property "Pekerjaan.satuan" is not defined.' in C:\xampp\htdocs\yii\framework\base\CComponent.php:130
Stack trace:
#0 C:\xampp\htdocs\yii\framework\db\ar\CActiveRecord.php(145): CComponent->__get('satuan')
#1 C:\xampp\htdocs\simop_yii\protected\views\pekerjaan\view.php(47): CActiveRecord->__get('satuan')
#2 C:\xampp\htdocs\yii\framework\web\CBaseController.php(126): require('C:\\xampp\\htdocs...')
#3 C:\xampp\htdocs\yii\framework\web\CBaseController.php(95): CBaseController->renderInternal('C:\\xampp\\htdocs...', Array, true)
#4 C:\xampp\htdocs\yii\framework\web\CController.php(869): CBaseController->renderFile('C:\\xampp\\htdocs...', Array, true)
#5 C:\xampp\htdocs\yii\framework\web\CController.php(782): CController->renderPartial('view', Array, true)
#6 C:\xampp\htdocs\simop_yii\protected\controllers\PekerjaanController.php(56): CController->render('view', Array)
#7 [internal function]: PekerjaanController->actionView('2')
#8 C:\xampp\htdocs\yii\framework\web\actions\CAction.php(109): ReflectionMethod->invokeArgs(Object(PekerjaanController), Array)
#9 C:\xampp\htdocs\yii\framework\web\actions\CInlineAction.php(47): CAction->runWithParamsInternal(Object(PekerjaanController), Object(ReflectionMethod), Array)
#10 C:\xampp\htdocs\yii\framework\web\CController.php(308): CInlineAction->runWithParams(Array)
#11 C:\xampp\htdocs\yii\framework\web\filters\CFilterChain.php(133): CController->runAction(Object(CInlineAction))
#12 C:\xampp\htdocs\yii\framework\web\filters\CFilter.php(40): CFilterChain->run()
#13 C:\xampp\htdocs\yii\framework\web\CController.php(1145): CFilter->filter(Object(CFilterChain))
#14 C:\xampp\htdocs\yii\framework\web\filters\CInlineFilter.php(58): CController->filterAccessControl(Object(CFilterChain))
#15 C:\xampp\htdocs\yii\framework\web\filters\CFilterChain.php(130): CInlineFilter->filter(Object(CFilterChain))
#16 C:\xampp\htdocs\yii\framework\web\CController.php(291): CFilterChain->run()
#17 C:\xampp\htdocs\yii\framework\web\CController.php(265): CController->runActionWithFilters(Object(CInlineAction), Array)
#18 C:\xampp\htdocs\yii\framework\web\CWebApplication.php(282): CController->run('view')
#19 C:\xampp\htdocs\yii\framework\web\CWebApplication.php(141): CWebApplication->runController('pekerjaan/view')
#20 C:\xampp\htdocs\yii\framework\base\CApplication.php(185): CWebApplication->processRequest()
#21 C:\xampp\htdocs\simop_yii\index.php(14): CApplication->run()
#22 {main}
REQUEST_URI=/simop_yii/index.php?r=pekerjaan/view&id=2
HTTP_REFERER=http://localhost/simop_yii/index.php?r=kegiatan/view&id=3
---
2016/03/23 09:40:20 [error] [php] Trying to get property of non-object (C:\xampp\htdocs\simop_yii\protected\views\kegiatan\view.php:70)
Stack trace:
#0 C:\xampp\htdocs\yii\framework\web\CController.php(869): KegiatanController->renderFile()
#1 C:\xampp\htdocs\yii\framework\web\CController.php(782): KegiatanController->renderPartial()
#2 C:\xampp\htdocs\simop_yii\protected\controllers\KegiatanController.php(56): KegiatanController->render()
#3 unknown(0): KegiatanController->actionView()
#4 C:\xampp\htdocs\yii\framework\web\actions\CAction.php(109): ReflectionMethod->invokeArgs()
#5 C:\xampp\htdocs\yii\framework\web\actions\CInlineAction.php(47): CInlineAction->runWithParamsInternal()
#6 C:\xampp\htdocs\yii\framework\web\CController.php(308): CInlineAction->runWithParams()
#7 C:\xampp\htdocs\yii\framework\web\filters\CFilterChain.php(133): KegiatanController->runAction()
#8 C:\xampp\htdocs\yii\framework\web\filters\CFilter.php(40): CFilterChain->run()
#9 C:\xampp\htdocs\yii\framework\web\CController.php(1145): CAccessControlFilter->filter()
#10 C:\xampp\htdocs\yii\framework\web\filters\CInlineFilter.php(58): KegiatanController->filterAccessControl()
#11 C:\xampp\htdocs\yii\framework\web\filters\CFilterChain.php(130): CInlineFilter->filter()
#12 C:\xampp\htdocs\yii\framework\web\CController.php(291): CFilterChain->run()
#13 C:\xampp\htdocs\yii\framework\web\CController.php(265): KegiatanController->runActionWithFilters()
#14 C:\xampp\htdocs\yii\framework\web\CWebApplication.php(282): KegiatanController->run()
#15 C:\xampp\htdocs\yii\framework\web\CWebApplication.php(141): CWebApplication->runController()
#16 C:\xampp\htdocs\yii\framework\base\CApplication.php(185): CWebApplication->processRequest()
#17 C:\xampp\htdocs\simop_yii\index.php(14): CWebApplication->run()
REQUEST_URI=/simop_yii/index.php?r=kegiatan/view&id=5
in C:\xampp\htdocs\simop_yii\protected\views\kegiatan\view.php (70)
in C:\xampp\htdocs\simop_yii\protected\controllers\KegiatanController.php (56)
in C:\xampp\htdocs\simop_yii\index.php (14)
2016/03/24 08:54:41 [error] [exception.CException] exception 'CException' with message 'Property "CActiveForm.class" is not defined.' in C:\xampp\htdocs\yii\framework\base\CComponent.php:173
Stack trace:
#0 C:\xampp\htdocs\yii\framework\web\CWidgetFactory.php(161): CComponent->__set('class', 'form-horizontal')
#1 C:\xampp\htdocs\yii\framework\web\CBaseController.php(146): CWidgetFactory->createWidget(Object(KegiatanController), 'CActiveForm', Array)
#2 C:\xampp\htdocs\yii\framework\web\CBaseController.php(197): CBaseController->createWidget('CActiveForm', Array)
#3 C:\xampp\htdocs\simop_yii\protected\views\kegiatan\_form.php(5): CBaseController->beginWidget('CActiveForm', Array)
#4 C:\xampp\htdocs\yii\framework\web\CBaseController.php(126): require('C:\\xampp\\htdocs...')
#5 C:\xampp\htdocs\yii\framework\web\CBaseController.php(95): CBaseController->renderInternal('C:\\xampp\\htdocs...', Array, true)
#6 C:\xampp\htdocs\yii\framework\web\CController.php(869): CBaseController->renderFile('C:\\xampp\\htdocs...', Array, true)
#7 C:\xampp\htdocs\simop_yii\protected\views\kegiatan\create.php(40): CController->renderPartial('_form', Array)
#8 C:\xampp\htdocs\yii\framework\web\CBaseController.php(126): require('C:\\xampp\\htdocs...')
#9 C:\xampp\htdocs\yii\framework\web\CBaseController.php(95): CBaseController->renderInternal('C:\\xampp\\htdocs...', Array, true)
#10 C:\xampp\htdocs\yii\framework\web\CController.php(869): CBaseController->renderFile('C:\\xampp\\htdocs...', Array, true)
#11 C:\xampp\htdocs\yii\framework\web\CController.php(782): CController->renderPartial('create', Array, true)
#12 C:\xampp\htdocs\simop_yii\protected\controllers\KegiatanController.php(80): CController->render('create', Array)
#13 C:\xampp\htdocs\yii\framework\web\actions\CInlineAction.php(49): KegiatanController->actionCreate()
#14 C:\xampp\htdocs\yii\framework\web\CController.php(308): CInlineAction->runWithParams(Array)
#15 C:\xampp\htdocs\yii\framework\web\filters\CFilterChain.php(133): CController->runAction(Object(CInlineAction))
#16 C:\xampp\htdocs\yii\framework\web\filters\CFilter.php(40): CFilterChain->run()
#17 C:\xampp\htdocs\yii\framework\web\CController.php(1145): CFilter->filter(Object(CFilterChain))
#18 C:\xampp\htdocs\yii\framework\web\filters\CInlineFilter.php(58): CController->filterAccessControl(Object(CFilterChain))
#19 C:\xampp\htdocs\yii\framework\web\filters\CFilterChain.php(130): CInlineFilter->filter(Object(CFilterChain))
#20 C:\xampp\htdocs\yii\framework\web\CController.php(291): CFilterChain->run()
#21 C:\xampp\htdocs\yii\framework\web\CController.php(265): CController->runActionWithFilters(Object(CInlineAction), Array)
#22 C:\xampp\htdocs\yii\framework\web\CWebApplication.php(282): CController->run('create')
#23 C:\xampp\htdocs\yii\framework\web\CWebApplication.php(141): CWebApplication->runController('kegiatan/create')
#24 C:\xampp\htdocs\yii\framework\base\CApplication.php(185): CWebApplication->processRequest()
#25 C:\xampp\htdocs\simop_yii\index.php(14): CApplication->run()
#26 {main}
REQUEST_URI=/simop_yii/index.php?r=kegiatan/create
---
2016/03/24 09:17:10 [error] [php] Undefined variable: kegiatans (C:\xampp\htdocs\simop_yii\protected\views\pekerjaan\_form.php:14)
Stack trace:
#0 C:\xampp\htdocs\yii\framework\web\CController.php(869): PekerjaanController->renderFile()
#1 C:\xampp\htdocs\simop_yii\protected\views\pekerjaan\create.php(42): PekerjaanController->renderPartial()
#2 C:\xampp\htdocs\yii\framework\web\CBaseController.php(126): require()
#3 C:\xampp\htdocs\yii\framework\web\CBaseController.php(95): PekerjaanController->renderInternal()
#4 C:\xampp\htdocs\yii\framework\web\CController.php(869): PekerjaanController->renderFile()
#5 C:\xampp\htdocs\yii\framework\web\CController.php(782): PekerjaanController->renderPartial()
#6 C:\xampp\htdocs\simop_yii\protected\controllers\PekerjaanController.php(79): PekerjaanController->render()
#7 C:\xampp\htdocs\yii\framework\web\actions\CInlineAction.php(49): PekerjaanController->actionCreate()
#8 C:\xampp\htdocs\yii\framework\web\CController.php(308): CInlineAction->runWithParams()
#9 C:\xampp\htdocs\yii\framework\web\filters\CFilterChain.php(133): PekerjaanController->runAction()
#10 C:\xampp\htdocs\yii\framework\web\filters\CFilter.php(40): CFilterChain->run()
#11 C:\xampp\htdocs\yii\framework\web\CController.php(1145): CAccessControlFilter->filter()
#12 C:\xampp\htdocs\yii\framework\web\filters\CInlineFilter.php(58): PekerjaanController->filterAccessControl()
#13 C:\xampp\htdocs\yii\framework\web\filters\CFilterChain.php(130): CInlineFilter->filter()
#14 C:\xampp\htdocs\yii\framework\web\CController.php(291): CFilterChain->run()
#15 C:\xampp\htdocs\yii\framework\web\CController.php(265): PekerjaanController->runActionWithFilters()
#16 C:\xampp\htdocs\yii\framework\web\CWebApplication.php(282): PekerjaanController->run()
#17 C:\xampp\htdocs\yii\framework\web\CWebApplication.php(141): CWebApplication->runController()
#18 C:\xampp\htdocs\yii\framework\base\CApplication.php(185): CWebApplication->processRequest()
#19 C:\xampp\htdocs\simop_yii\index.php(14): CWebApplication->run()
REQUEST_URI=/simop_yii/index.php?r=pekerjaan/create
in C:\xampp\htdocs\simop_yii\protected\views\pekerjaan\_form.php (14)
in C:\xampp\htdocs\simop_yii\protected\views\pekerjaan\create.php (42)
in C:\xampp\htdocs\simop_yii\protected\controllers\PekerjaanController.php (79)
2016/03/28 08:49:30 [error] [exception.CHttpException.400] exception 'CHttpException' with message 'Your request is invalid.' in C:\xampp\htdocs\yii\framework\web\CController.php:336
Stack trace:
#0 C:\xampp\htdocs\yii\framework\web\CController.php(309): CController->invalidActionParams(Object(CInlineAction))
#1 C:\xampp\htdocs\yii\framework\web\filters\CFilterChain.php(133): CController->runAction(Object(CInlineAction))
#2 C:\xampp\htdocs\yii\framework\web\filters\CFilter.php(40): CFilterChain->run()
#3 C:\xampp\htdocs\yii\framework\web\CController.php(1145): CFilter->filter(Object(CFilterChain))
#4 C:\xampp\htdocs\yii\framework\web\filters\CInlineFilter.php(58): CController->filterAccessControl(Object(CFilterChain))
#5 C:\xampp\htdocs\yii\framework\web\filters\CFilterChain.php(130): CInlineFilter->filter(Object(CFilterChain))
#6 C:\xampp\htdocs\yii\framework\web\CController.php(291): CFilterChain->run()
#7 C:\xampp\htdocs\yii\framework\web\CController.php(265): CController->runActionWithFilters(Object(CInlineAction), Array)
#8 C:\xampp\htdocs\yii\framework\web\CWebApplication.php(282): CController->run('update')
#9 C:\xampp\htdocs\yii\framework\web\CWebApplication.php(141): CWebApplication->runController('pekerjaan/updat...')
#10 C:\xampp\htdocs\yii\framework\base\CApplication.php(185): CWebApplication->processRequest()
#11 C:\xampp\htdocs\simop_yii\index.php(14): CApplication->run()
#12 {main}
REQUEST_URI=/simop_yii/index.php?r=pekerjaan/update
HTTP_REFERER=http://localhost/simop_yii/index.php?r=pelaksana/create&pekerjaan_id=4
---
2016/03/28 10:06:33 [error] [php] Undefined variable: bidang (C:\xampp\htdocs\simop_yii\protected\views\pelaksana\create.php:45)
Stack trace:
#0 C:\xampp\htdocs\yii\framework\web\CController.php(869): PelaksanaController->renderFile()
#1 C:\xampp\htdocs\yii\framework\web\CController.php(782): PelaksanaController->renderPartial()
#2 C:\xampp\htdocs\simop_yii\protected\controllers\PelaksanaController.php(82): PelaksanaController->render()
#3 unknown(0): PelaksanaController->actionCreate()
#4 C:\xampp\htdocs\yii\framework\web\actions\CAction.php(109): ReflectionMethod->invokeArgs()
#5 C:\xampp\htdocs\yii\framework\web\actions\CInlineAction.php(47): CInlineAction->runWithParamsInternal()
#6 C:\xampp\htdocs\yii\framework\web\CController.php(308): CInlineAction->runWithParams()
#7 C:\xampp\htdocs\yii\framework\web\filters\CFilterChain.php(133): PelaksanaController->runAction()
#8 C:\xampp\htdocs\yii\framework\web\filters\CFilter.php(40): CFilterChain->run()
#9 C:\xampp\htdocs\yii\framework\web\CController.php(1145): CAccessControlFilter->filter()
#10 C:\xampp\htdocs\yii\framework\web\filters\CInlineFilter.php(58): PelaksanaController->filterAccessControl()
#11 C:\xampp\htdocs\yii\framework\web\filters\CFilterChain.php(130): CInlineFilter->filter()
#12 C:\xampp\htdocs\yii\framework\web\CController.php(291): CFilterChain->run()
#13 C:\xampp\htdocs\yii\framework\web\CController.php(265): PelaksanaController->runActionWithFilters()
#14 C:\xampp\htdocs\yii\framework\web\CWebApplication.php(282): PelaksanaController->run()
#15 C:\xampp\htdocs\yii\framework\web\CWebApplication.php(141): CWebApplication->runController()
#16 C:\xampp\htdocs\yii\framework\base\CApplication.php(185): CWebApplication->processRequest()
#17 C:\xampp\htdocs\simop_yii\index.php(14): CWebApplication->run()
REQUEST_URI=/simop_yii/index.php?r=pelaksana/create&pekerjaan_id=6
in C:\xampp\htdocs\simop_yii\protected\views\pelaksana\create.php (45)
in C:\xampp\htdocs\simop_yii\protected\controllers\PelaksanaController.php (82)
in C:\xampp\htdocs\simop_yii\index.php (14)
2016/03/28 10:06:46 [error] [exception.CException] exception 'CException' with message 'Property "PelaksanaPekerjaan.seksi_id" is not defined.' in C:\xampp\htdocs\yii\framework\base\CComponent.php:130
Stack trace:
#0 C:\xampp\htdocs\yii\framework\db\ar\CActiveRecord.php(145): CComponent->__get('seksi_id')
#1 C:\xampp\htdocs\yii\framework\web\helpers\CHtml.php(2729): CActiveRecord->__get('seksi_id')
#2 C:\xampp\htdocs\yii\framework\web\helpers\CHtml.php(1982): CHtml::resolveValue(Object(PelaksanaPekerjaan), 'seksi_id')
#3 C:\xampp\htdocs\yii\framework\web\widgets\CActiveForm.php(914): CHtml::activeDropDownList(Object(PelaksanaPekerjaan), 'seksi_id', Array, Array)
#4 C:\xampp\htdocs\simop_yii\protected\views\pelaksana\_form.php(45): CActiveForm->dropDownList(Object(PelaksanaPekerjaan), 'seksi_id', Array, Array)
#5 C:\xampp\htdocs\yii\framework\web\CBaseController.php(126): require('C:\\xampp\\htdocs...')
#6 C:\xampp\htdocs\yii\framework\web\CBaseController.php(95): CBaseController->renderInternal('C:\\xampp\\htdocs...', Array, true)
#7 C:\xampp\htdocs\yii\framework\web\CController.php(869): CBaseController->renderFile('C:\\xampp\\htdocs...', Array, true)
#8 C:\xampp\htdocs\simop_yii\protected\views\pelaksana\create.php(45): CController->renderPartial('_form', Array)
#9 C:\xampp\htdocs\yii\framework\web\CBaseController.php(126): require('C:\\xampp\\htdocs...')
#10 C:\xampp\htdocs\yii\framework\web\CBaseController.php(95): CBaseController->renderInternal('C:\\xampp\\htdocs...', Array, true)
#11 C:\xampp\htdocs\yii\framework\web\CController.php(869): CBaseController->renderFile('C:\\xampp\\htdocs...', Array, true)
#12 C:\xampp\htdocs\yii\framework\web\CController.php(782): CController->renderPartial('create', Array, true)
#13 C:\xampp\htdocs\simop_yii\protected\controllers\PelaksanaController.php(82): CController->render('create', Array)
#14 [internal function]: PelaksanaController->actionCreate('6')
#15 C:\xampp\htdocs\yii\framework\web\actions\CAction.php(109): ReflectionMethod->invokeArgs(Object(PelaksanaController), Array)
#16 C:\xampp\htdocs\yii\framework\web\actions\CInlineAction.php(47): CAction->runWithParamsInternal(Object(PelaksanaController), Object(ReflectionMethod), Array)
#17 C:\xampp\htdocs\yii\framework\web\CController.php(308): CInlineAction->runWithParams(Array)
#18 C:\xampp\htdocs\yii\framework\web\filters\CFilterChain.php(133): CController->runAction(Object(CInlineAction))
#19 C:\xampp\htdocs\yii\framework\web\filters\CFilter.php(40): CFilterChain->run()
#20 C:\xampp\htdocs\yii\framework\web\CController.php(1145): CFilter->filter(Object(CFilterChain))
#21 C:\xampp\htdocs\yii\framework\web\filters\CInlineFilter.php(58): CController->filterAccessControl(Object(CFilterChain))
#22 C:\xampp\htdocs\yii\framework\web\filters\CFilterChain.php(130): CInlineFilter->filter(Object(CFilterChain))
#23 C:\xampp\htdocs\yii\framework\web\CController.php(291): CFilterChain->run()
#24 C:\xampp\htdocs\yii\framework\web\CController.php(265): CController->runActionWithFilters(Object(CInlineAction), Array)
#25 C:\xampp\htdocs\yii\framework\web\CWebApplication.php(282): CController->run('create')
#26 C:\xampp\htdocs\yii\framework\web\CWebApplication.php(141): CWebApplication->runController('pelaksana/creat...')
#27 C:\xampp\htdocs\yii\framework\base\CApplication.php(185): CWebApplication->processRequest()
#28 C:\xampp\htdocs\simop_yii\index.php(14): CApplication->run()
#29 {main}
REQUEST_URI=/simop_yii/index.php?r=pelaksana/create&pekerjaan_id=6
---
